INFO:    User not listed in /etc/subuid, trying root-mapped namespace
INFO:    The %post section will be run under the fakeroot command
INFO:    Starting build...
INFO:    Fetching OCI image...
INFO:    Extracting OCI image...
INFO:    Inserting Apptainer configuration...
INFO:    Running post scriptlet
WARNING: nv files may not be bound with --writable
WARNING: Skipping mount /usr/share/nvidia/nvoptix.bin [files]: /usr/share/nvidia/nvoptix.bin doesn't exist in container
WARNING: Skipping mount /usr/bin/nvidia-smi [files]: /usr/bin/nvidia-smi doesn't exist in container
WARNING: Skipping mount /usr/bin/nvidia-debugdump [files]: /usr/bin/nvidia-debugdump doesn't exist in container
WARNING: Skipping mount /usr/bin/nvidia-cuda-mps-control [files]: /usr/bin/nvidia-cuda-mps-control doesn't exist in container
WARNING: Skipping mount /usr/share/glvnd/egl_vendor.d/10_nvidia.json [files]: /usr/share/glvnd/egl_vendor.d/10_nvidia.json doesn't exist in container
WARNING: Skipping mount /usr/share/vulkan/implicit_layer.d/nvidia_layers.json [files]: /usr/share/vulkan/implicit_layer.d/nvidia_layers.json doesn't exist in container
WARNING: Skipping mount /usr/share/egl/egl_external_platform.d/15_nvidia_gbm.json [files]: /usr/share/egl/egl_external_platform.d/15_nvidia_gbm.json doesn't exist in container
WARNING: Skipping mount /usr/share/egl/egl_external_platform.d/10_nvidia_wayland.json [files]: /usr/share/egl/egl_external_platform.d/10_nvidia_wayland.json doesn't exist in container
WARNING: Skipping mount /usr/bin/nvidia-persistenced [files]: /usr/bin/nvidia-persistenced doesn't exist in container
WARNING: Skipping mount /usr/bin/nvidia-cuda-mps-server [files]: /usr/bin/nvidia-cuda-mps-server doesn't exist in container
WARNING: Skipping mount /var/run/nvidia-persistenced/socket [files]: /var/run/nvidia-persistenced/socket doesn't exist in container
+ apt-get update
+ apt-get install -y python3 python3-pip python3-dev git build-essential cmake ninja-build libgl1-mesa-glx libglib2.0-0 libsm6 libxext6 libxrender-dev libgomp1 wget curl ca-certificates ffmpeg libmagickwand-dev libopenmpi-dev openmpi-bin
debconf: delaying package configuration, since apt-utils is not installed
+ rm -rf /var/lib/apt/lists/archive.ubuntu.com_ubuntu_dists_jammy-backports_InRelease /var/lib/apt/lists/archive.ubuntu.com_ubuntu_dists_jammy-backports_main_binary-amd64_Packages.lz4 /var/lib/apt/lists/archive.ubuntu.com_ubuntu_dists_jammy-backports_universe_binary-amd64_Packages.lz4 /var/lib/apt/lists/archive.ubuntu.com_ubuntu_dists_jammy-updates_InRelease /var/lib/apt/lists/archive.ubuntu.com_ubuntu_dists_jammy-updates_main_binary-amd64_Packages.lz4 /var/lib/apt/lists/archive.ubuntu.com_ubuntu_dists_jammy-updates_multiverse_binary-amd64_Packages.lz4 /var/lib/apt/lists/archive.ubuntu.com_ubuntu_dists_jammy-updates_restricted_binary-amd64_Packages.lz4 /var/lib/apt/lists/archive.ubuntu.com_ubuntu_dists_jammy-updates_universe_binary-amd64_Packages.lz4 /var/lib/apt/lists/archive.ubuntu.com_ubuntu_dists_jammy_InRelease /var/lib/apt/lists/archive.ubuntu.com_ubuntu_dists_jammy_main_binary-amd64_Packages.lz4 /var/lib/apt/lists/archive.ubuntu.com_ubuntu_dists_jammy_multiverse_binary-amd64_Packages.lz4 /var/lib/apt/lists/archive.ubuntu.com_ubuntu_dists_jammy_restricted_binary-amd64_Packages.lz4 /var/lib/apt/lists/archive.ubuntu.com_ubuntu_dists_jammy_universe_binary-amd64_Packages.lz4 /var/lib/apt/lists/auxfiles /var/lib/apt/lists/developer.download.nvidia.com_compute_cuda_repos_ubuntu2204_x86%5f64_InRelease /var/lib/apt/lists/developer.download.nvidia.com_compute_cuda_repos_ubuntu2204_x86%5f64_Packages.lz4 /var/lib/apt/lists/lock /var/lib/apt/lists/partial /var/lib/apt/lists/security.ubuntu.com_ubuntu_dists_jammy-security_InRelease /var/lib/apt/lists/security.ubuntu.com_ubuntu_dists_jammy-security_main_binary-amd64_Packages.lz4 /var/lib/apt/lists/security.ubuntu.com_ubuntu_dists_jammy-security_multiverse_binary-amd64_Packages.lz4 /var/lib/apt/lists/security.ubuntu.com_ubuntu_dists_jammy-security_restricted_binary-amd64_Packages.lz4 /var/lib/apt/lists/security.ubuntu.com_ubuntu_dists_jammy-security_universe_binary-amd64_Packages.lz4
+ update-ca-certificates
+ export CUDA_HOME=/usr/local/cuda
+ export PATH=/usr/local/cuda/bin:/usr/local/nvidia/bin:/usr/local/cuda/bin:/usr/local/sbin:/usr/local/bin:/usr/sbin:/usr/bin:/sbin:/bin
+ export LD_LIBRARY_PATH=/usr/local/cuda/lib64::/usr/local/nvidia/lib:/usr/local/nvidia/lib64:/.singularity.d/libs
+ export TORCH_CUDA_ARCH_LIST=6.0;6.1;7.0;7.5;8.0;8.6;9.0
+ export FORCE_CUDA=1
+ export MAX_JOBS=4
+ mkdir -p /tmp/pip_downloads
+ export TMPDIR=/tmp/pip_downloads
+ export TEMP=/tmp/pip_downloads
+ export TMP=/tmp/pip_downloads
+ python3 -m pip install --upgrade pip
WARNING: Running pip as the 'root' user can result in broken permissions and conflicting behaviour with the system package manager. It is recommended to use a virtual environment instead: https://pip.pypa.io/warnings/venv
+ python3 -m pip install --no-cache-dir torch torchvision torchaudio --index-url https://download.pytorch.org/whl/cu121
WARNING: Running pip as the 'root' user can result in broken permissions and conflicting behaviour with the system package manager, possibly rendering your system unusable. It is recommended to use a virtual environment instead: https://pip.pypa.io/warnings/venv. Use the --root-user-action option if you know what you are doing and want to suppress this warning.
+ python3 -m pip install --no-cache-dir annotated-types==0.7.0 antlr4-python3-runtime==4.9.3 attrs==24.3.0 beartype==0.19.0 black==24.10.0 cffi==1.15.1 charset-normalizer==2.1.1 click==8.1.7 colorama==0.4.6 colorspacious==1.1.2 contourpy==1.3.1 cycler==0.12.1 dacite==1.8.1 decorator==4.0.2 e3nn==0.5.5 einops==0.8.0 filelock==3.12.2 fonttools==4.55.3 frozenlist==1.5.0 fsspec==2024.10.0 hf-xet==1.1.7 huggingface-hub==0.30.2 hydra-core==1.3.2 idna==3.4 imageio==2.36.1 imageio-ffmpeg==0.5.1 iopath==0.1.10 jaxtyping==0.2.36 Jinja2==3.1.2 kiwisolver==1.4.7 lazy_loader==0.4 lightning==2.4.0 lightning-utilities==0.11.9 lpips==0.1.4 MarkupSafe==2.1.1 matplotlib==3.10.0 moviepy==1.0.3 mpmath==1.3.0 multidict==6.1.0 mypy_extensions==1.0.0 networkx==3.1 numpy==2.2.0 omegaconf==2.3.0 opencv-python-headless==4.10.0.84 opt-einsum-fx==0.1.4 opt_einsum==3.4.0 packaging==24.0 pathspec==0.12.1 pillow==10.4.0 platformdirs==3.10.0 plyfile==1.1 portalocker==3.0.0 proglog==0.1.10 propcache==0.2.1 protobuf==5.29.1 pycparser==2.21 pydantic==2.10.3 pydantic_core==2.27.1 pyparsing==3.2.0 python-dateutil==2.8.2 PyYAML==6.0 requests==2.31.0 roma==1.5.1 ruff==0.8.3 safetensors==0.4.5 scikit-image==0.25.0 scikit-video==1.1.11 scipy==1.14.1 sentry-sdk==2.19.2 six==1.16.0 smmap==5.0.1 svg.py==1.5.0 sympy==1.13.1 tabulate==0.9.0 timm==1.0.12 tqdm typing-inspection==0.4.1 typing_extensions==4.12.2 urllib3==2.0.3 wadler_lindig==0.1.7 wandb==0.19.2 yarl==1.18.3 transformers regex
WARNING: Running pip as the 'root' user can result in broken permissions and conflicting behaviour with the system package manager, possibly rendering your system unusable. It is recommended to use a virtual environment instead: https://pip.pypa.io/warnings/venv. Use the --root-user-action option if you know what you are doing and want to suppress this warning.
+ python3 -m pip uninstall -y moviepy
WARNING: Running pip as the 'root' user can result in broken permissions and conflicting behaviour with the system package manager, possibly rendering your system unusable. It is recommended to use a virtual environment instead: https://pip.pypa.io/warnings/venv. Use the --root-user-action option if you know what you are doing and want to suppress this warning.
+ python3 -m pip install --no-cache-dir moviepy==1.0.3 --force-reinstall
WARNING: Running pip as the 'root' user can result in broken permissions and conflicting behaviour with the system package manager, possibly rendering your system unusable. It is recommended to use a virtual environment instead: https://pip.pypa.io/warnings/venv. Use the --root-user-action option if you know what you are doing and want to suppress this warning.
+ export CUDA_HOME=/usr/local/cuda
+ export PATH=/usr/local/cuda/bin:/usr/local/cuda/bin:/usr/local/nvidia/bin:/usr/local/cuda/bin:/usr/local/sbin:/usr/local/bin:/usr/sbin:/usr/bin:/sbin:/bin
+ export LD_LIBRARY_PATH=/usr/local/cuda/lib64:/usr/local/cuda/lib64::/usr/local/nvidia/lib:/usr/local/nvidia/lib64:/.singularity.d/libs
+ export TORCH_CUDA_ARCH_LIST=6.0;6.1;7.0;7.5;8.0;8.6;9.0
+ export FORCE_CUDA=1
+ python3 -m pip install --no-cache-dir --no-build-isolation git+https://github.com/slothfulxtx/diff-gaussian-rasterization.git@pose#egg=diff-gauss-pose
  Running command git clone --filter=blob:none --quiet https://github.com/slothfulxtx/diff-gaussian-rasterization.git /tmp/pip_downloads/pip-install-_k3krspg/diff-gauss-pose_85ef1dd8538a4240a0602f57e193c89f
  Running command git checkout -b pose --track origin/pose
  Switched to a new branch 'pose'
  Branch 'pose' set up to track remote branch 'pose' from 'origin'.
  Running command git submodule update --init --recursive -q
WARNING: Running pip as the 'root' user can result in broken permissions and conflicting behaviour with the system package manager, possibly rendering your system unusable. It is recommended to use a virtual environment instead: https://pip.pypa.io/warnings/venv. Use the --root-user-action option if you know what you are doing and want to suppress this warning.
+ python3 -m pip install --no-cache-dir --no-build-isolation git+https://github.com/facebookresearch/pytorch3d.git@055ab3a2e3e611dff66fa82f632e62a315f3b5e7
  Running command git clone --filter=blob:none --quiet https://github.com/facebookresearch/pytorch3d.git /tmp/pip_downloads/pip-req-build-eh655cn8
  Running command git rev-parse -q --verify 'sha^055ab3a2e3e611dff66fa82f632e62a315f3b5e7'
  Running command git fetch -q https://github.com/facebookresearch/pytorch3d.git 055ab3a2e3e611dff66fa82f632e62a315f3b5e7
  Running command git checkout -q 055ab3a2e3e611dff66fa82f632e62a315f3b5e7
WARNING: Running pip as the 'root' user can result in broken permissions and conflicting behaviour with the system package manager, possibly rendering your system unusable. It is recommended to use a virtual environment instead: https://pip.pypa.io/warnings/venv. Use the --root-user-action option if you know what you are doing and want to suppress this warning.
INFO:    Adding help info
INFO:    Adding labels
INFO:    Adding environment to container
INFO:    Adding runscript
INFO:    Creating SIF file...
INFO:    Build complete: spfsplat.sif
